<?xml version="1.0" encoding="UTF-8"?>
<testsuite name="com.epam.esm.repository.GiftCertificateRepositoryTest" tests="13" skipped="0" failures="0" errors="0" timestamp="2021-11-05T13:24:23" hostname="DESKTOP-NISJN62" time="0.461">
  <properties/>
  <testcase name="testOrderByNameAsc()" classname="com.epam.esm.repository.GiftCertificateRepositoryTest" time="0.36"/>
  <testcase name="testFindByName()" classname="com.epam.esm.repository.GiftCertificateRepositoryTest" time="0.011"/>
  <testcase name="testFindById()" classname="com.epam.esm.repository.GiftCertificateRepositoryTest" time="0.009"/>
  <testcase name="testOrderByCreationTimeDesc()" classname="com.epam.esm.repository.GiftCertificateRepositoryTest" time="0.004"/>
  <testcase name="testFindByDescription()" classname="com.epam.esm.repository.GiftCertificateRepositoryTest" time="0.004"/>
  <testcase name="findByAllParams()" classname="com.epam.esm.repository.GiftCertificateRepositoryTest" time="0.008"/>
  <testcase name="testRemoveCertificateTag()" classname="com.epam.esm.repository.GiftCertificateRepositoryTest" time="0.005"/>
  <testcase name="testCreate()" classname="com.epam.esm.repository.GiftCertificateRepositoryTest" time="0.024"/>
  <testcase name="testDelete()" classname="com.epam.esm.repository.GiftCertificateRepositoryTest" time="0.008"/>
  <testcase name="testFindSeveralByTagName()" classname="com.epam.esm.repository.GiftCertificateRepositoryTest" time="0.005"/>
  <testcase name="testAddCertificateTag()" classname="com.epam.esm.repository.GiftCertificateRepositoryTest" time="0.003"/>
  <testcase name="testFindByTagName()" classname="com.epam.esm.repository.GiftCertificateRepositoryTest" time="0.004"/>
  <testcase name="testUpdate()" classname="com.epam.esm.repository.GiftCertificateRepositoryTest" time="0.005"/>
  <system-out><![CDATA[Optional[GiftCertificate(id=1, name=certificate first and second tags, description=certificate with first tag and second tag, price=50.00, duration=PT2160H, createDate=2000-01-01T11:11:11.222, lastUpdateDate=2000-01-01T11:11:11.222)]
]]></system-out>
  <system-err><![CDATA[]]></system-err>
</testsuite>
