<?xml version="1.0" encoding="UTF-8"?>
<testsuite name="com.epam.esm.repository.GiftCertificateRepositoryTest" tests="1" skipped="0" failures="0" errors="0" timestamp="2021-11-03T14:49:36" hostname="DESKTOP-NISJN62" time="0.391">
  <properties/>
  <testcase name="testRemoveCertificateTag()" classname="com.epam.esm.repository.GiftCertificateRepositoryTest" time="0.391"/>
  <system-out><![CDATA[]]></system-out>
  <system-err><![CDATA[]]></system-err>
</testsuite>
