<?xml version="1.0" encoding="UTF-8"?>
<testsuite name="com.epam.esm.repository.TagRepositoryTest" tests="6" skipped="0" failures="0" errors="0" timestamp="2021-11-02T13:58:08" hostname="DESKTOP-NISJN62" time="0.485">
  <properties/>
  <testcase name="testFindByName()" classname="com.epam.esm.repository.TagRepositoryTest" time="0.421"/>
  <testcase name="testFindByCertificateId()" classname="com.epam.esm.repository.TagRepositoryTest" time="0.018"/>
  <testcase name="testFindById()" classname="com.epam.esm.repository.TagRepositoryTest" time="0.004"/>
  <testcase name="testFindByAll()" classname="com.epam.esm.repository.TagRepositoryTest" time="0.003"/>
  <testcase name="testCreate()" classname="com.epam.esm.repository.TagRepositoryTest" time="0.025"/>
  <testcase name="testDelete()" classname="com.epam.esm.repository.TagRepositoryTest" time="0.007"/>
  <system-out><![CDATA[]]></system-out>
  <system-err><![CDATA[]]></system-err>
</testsuite>
