<?xml version="1.0" encoding="UTF-8"?>
<testsuite name="com.epam.esm.service.GiftCertificateServiceTest" tests="8" skipped="0" failures="0" errors="0" timestamp="2021-11-23T17:11:22" hostname="DESKTOP-NISJN62" time="0.377">
  <properties/>
  <testcase name="testFindAll()" classname="com.epam.esm.service.GiftCertificateServiceTest" time="0.357"/>
  <testcase name="testUpdateTags()" classname="com.epam.esm.service.GiftCertificateServiceTest" time="0.006"/>
  <testcase name="testUpdateSingleField()" classname="com.epam.esm.service.GiftCertificateServiceTest" time="0.002"/>
  <testcase name="testUpdateSeveralFields()" classname="com.epam.esm.service.GiftCertificateServiceTest" time="0.002"/>
  <testcase name="testUpdateNoFields()" classname="com.epam.esm.service.GiftCertificateServiceTest" time="0.001"/>
  <testcase name="testFindById()" classname="com.epam.esm.service.GiftCertificateServiceTest" time="0.002"/>
  <testcase name="testCreate()" classname="com.epam.esm.service.GiftCertificateServiceTest" time="0.003"/>
  <testcase name="testDelete()" classname="com.epam.esm.service.GiftCertificateServiceTest" time="0.002"/>
  <system-out><![CDATA[]]></system-out>
  <system-err><![CDATA[]]></system-err>
</testsuite>
