<?xml version="1.0" encoding="UTF-8"?>
<testsuite name="com.epam.esm.service.TagServiceTest" tests="5" skipped="0" failures="0" errors="0" timestamp="2021-11-05T13:24:26" hostname="DESKTOP-NISJN62" time="0.012">
  <properties/>
  <testcase name="testFindAll()" classname="com.epam.esm.service.TagServiceTest" time="0.002"/>
  <testcase name="testFindByName()" classname="com.epam.esm.service.TagServiceTest" time="0.002"/>
  <testcase name="testFindById()" classname="com.epam.esm.service.TagServiceTest" time="0.002"/>
  <testcase name="testCreate()" classname="com.epam.esm.service.TagServiceTest" time="0.002"/>
  <testcase name="testDelete()" classname="com.epam.esm.service.TagServiceTest" time="0.001"/>
  <system-out><![CDATA[]]></system-out>
  <system-err><![CDATA[]]></system-err>
</testsuite>
