<?xml version="1.0" encoding="UTF-8"?>
<testsuite name="com.epam.esm.service.OrderServiceTest" tests="1" skipped="0" failures="0" errors="0" timestamp="2021-11-23T23:48:26" hostname="DESKTOP-NISJN62" time="0.361">
  <properties/>
  <testcase name="testCreate()" classname="com.epam.esm.service.OrderServiceTest" time="0.361"/>
  <system-out><![CDATA[]]></system-out>
  <system-err><![CDATA[]]></system-err>
</testsuite>
