<?xml version="1.0" encoding="UTF-8"?>
<testsuite name="com.epam.esm.validator.PaginationValidatorTest" tests="4" skipped="0" failures="0" errors="0" timestamp="2021-11-24T16:42:12" hostname="DESKTOP-NISJN62" time="0.042">
  <properties/>
  <testcase name="[1] 10, 10, []" classname="com.epam.esm.validator.PaginationValidatorTest" time="0.034"/>
  <testcase name="[2] 0, 10, [TOO_SMALL_PAGE_NUMBER]" classname="com.epam.esm.validator.PaginationValidatorTest" time="0.001"/>
  <testcase name="[3] 10, 0, [TOO_SMALL_PAGE_SIZE]" classname="com.epam.esm.validator.PaginationValidatorTest" time="0.001"/>
  <testcase name="[4] 10, 100000, [TOO_BIG_PAGE_SIZE]" classname="com.epam.esm.validator.PaginationValidatorTest" time="0.001"/>
  <system-out><![CDATA[]]></system-out>
  <system-err><![CDATA[]]></system-err>
</testsuite>
