<?xml version="1.0" encoding="UTF-8"?>
<testsuite name="com.epam.esm.service.UserServiceTest" tests="7" skipped="0" failures="0" errors="0" timestamp="2021-11-23T21:08:38" hostname="DESKTOP-NISJN62" time="0.333">
  <properties/>
  <testcase name="testFindUserOrder()" classname="com.epam.esm.service.UserServiceTest" time="0.316"/>
  <testcase name="testFindAll()" classname="com.epam.esm.service.UserServiceTest" time="0.004"/>
  <testcase name="testFindUserOrders()" classname="com.epam.esm.service.UserServiceTest" time="0.003"/>
  <testcase name="testFindUserOrderWrongUser()" classname="com.epam.esm.service.UserServiceTest" time="0.002"/>
  <testcase name="testFindById()" classname="com.epam.esm.service.UserServiceTest" time="0.001"/>
  <testcase name="testFindUserOrdersNoUser()" classname="com.epam.esm.service.UserServiceTest" time="0.001"/>
  <testcase name="testFindByIdNotFound()" classname="com.epam.esm.service.UserServiceTest" time="0.001"/>
  <system-out><![CDATA[]]></system-out>
  <system-err><![CDATA[]]></system-err>
</testsuite>
