<?xml version="1.0" encoding="UTF-8"?>
<testsuite name="com.epam.esm.service.GiftCertificateServiceTest" tests="5" skipped="0" failures="0" errors="0" timestamp="2021-11-02T18:58:04" hostname="DESKTOP-NISJN62" time="0.381">
  <properties/>
  <testcase name="testFindAll()" classname="com.epam.esm.service.GiftCertificateServiceTest" time="0.357"/>
  <testcase name="testFindById()" classname="com.epam.esm.service.GiftCertificateServiceTest" time="0.004"/>
  <testcase name="testCreate()" classname="com.epam.esm.service.GiftCertificateServiceTest" time="0.008"/>
  <testcase name="testDelete()" classname="com.epam.esm.service.GiftCertificateServiceTest" time="0.002"/>
  <testcase name="testUpdate()" classname="com.epam.esm.service.GiftCertificateServiceTest" time="0.008"/>
  <system-out><![CDATA[GiftCertificate(id=1, name=certificate first and second tags, description=certificate with first tag and second tag, price=50.00, duration=PT2160H, createDate=2000-01-01T11:11:11.222, lastUpdateDate=2000-01-01T11:11:11.222)
GiftCertificate(id=1, name=certificate first and second tags, description=New description, price=50.00, duration=PT2160H, createDate=2000-01-01T11:11:11.222, lastUpdateDate=2000-01-01T11:11:11.222)
]]></system-out>
  <system-err><![CDATA[]]></system-err>
</testsuite>
