<?xml version="1.0" encoding="UTF-8"?>
<testsuite name="com.epam.esm.service.GiftCertificateServiceTest" tests="5" skipped="0" failures="0" errors="0" timestamp="2021-11-05T09:16:13" hostname="DESKTOP-NISJN62" time="0.436">
  <properties/>
  <testcase name="testFindAll()" classname="com.epam.esm.service.GiftCertificateServiceTest" time="0.416"/>
  <testcase name="testFindById()" classname="com.epam.esm.service.GiftCertificateServiceTest" time="0.003"/>
  <testcase name="testCreate()" classname="com.epam.esm.service.GiftCertificateServiceTest" time="0.007"/>
  <testcase name="testDelete()" classname="com.epam.esm.service.GiftCertificateServiceTest" time="0.001"/>
  <testcase name="testUpdate()" classname="com.epam.esm.service.GiftCertificateServiceTest" time="0.005"/>
  <system-out><![CDATA[]]></system-out>
  <system-err><![CDATA[]]></system-err>
</testsuite>
